<?xml version="1.0" encoding="UTF-8"?>
<!-- Generated by org.testng.reporters.JUnitReportReporter -->
<testsuite skipped="0" hostname="DESKTOP-RU651I1" name="com.wallethub.testcases.Assignment1" tests="1" failures="0" timestamp="2019-10-31T08:48:18 IST" time="65.327" errors="0">
  <testcase name="login" time="65.327" classname="com.wallethub.testcases.Assignment1"/>
</testsuite> <!-- com.wallethub.testcases.Assignment1 -->
